Querying Bitcoin since:2006-03-21 until:2006-11-01
Querying Bitcoin since:2006-11-01 until:2007-06-15
Querying Bitcoin since:2007-06-15 until:2008-01-27
An unknown error occurred! Returning tweets gathered so far.
Traceback (most recent call last):
  File "/home/warproxxx/Desktop/Projects/CryptoTrader/src/data_utils/twitter_data/twitterscraper/query.py", line 149, in query_tweets_once
    INIT_URL.format(q=query, lang=lang) if pos is None
NameError: name 'INIT_URL' is not defined
An unknown error occurred! Returning tweets gathered so far.
Traceback (most recent call last):
  File "/home/warproxxx/Desktop/Projects/CryptoTrader/src/data_utils/twitter_data/twitterscraper/query.py", line 149, in query_tweets_once
    INIT_URL.format(q=query, lang=lang) if pos is None
NameError: name 'INIT_URL' is not defined
Got 0 tweets for Bitcoin%20since%3A2006-11-01%20until%3A2007-06-15.
Got 0 tweets for Bitcoin%20since%3A2006-03-21%20until%3A2006-11-01.
An unknown error occurred! Returning tweets gathered so far.
Traceback (most recent call last):
  File "/home/warproxxx/Desktop/Projects/CryptoTrader/src/data_utils/twitter_data/twitterscraper/query.py", line 149, in query_tweets_once
    INIT_URL.format(q=query, lang=lang) if pos is None
NameError: name 'INIT_URL' is not defined
Got 0 tweets for Bitcoin%20since%3A2007-06-15%20until%3A2008-01-27.
Querying Bitcoin since:2008-01-27 until:2008-09-09
Querying Bitcoin since:2008-09-09 until:2009-04-23
Querying Bitcoin since:2009-04-23 until:2009-12-05
Querying Bitcoin since:2009-12-05 until:2010-07-19
An unknown error occurred! Returning tweets gathered so far.
Traceback (most recent call last):
  File "/home/warproxxx/Desktop/Projects/CryptoTrader/src/data_utils/twitter_data/twitterscraper/query.py", line 149, in query_tweets_once
    INIT_URL.format(q=query, lang=lang) if pos is None
NameError: name 'INIT_URL' is not defined
An unknown error occurred! Returning tweets gathered so far.
Traceback (most recent call last):
  File "/home/warproxxx/Desktop/Projects/CryptoTrader/src/data_utils/twitter_data/twitterscraper/query.py", line 149, in query_tweets_once
    INIT_URL.format(q=query, lang=lang) if pos is None
NameError: name 'INIT_URL' is not defined
Got 0 tweets for Bitcoin%20since%3A2008-01-27%20until%3A2008-09-09.
Got 0 tweets for Bitcoin%20since%3A2008-09-09%20until%3A2009-04-23.
An unknown error occurred! Returning tweets gathered so far.
Traceback (most recent call last):
  File "/home/warproxxx/Desktop/Projects/CryptoTrader/src/data_utils/twitter_data/twitterscraper/query.py", line 149, in query_tweets_once
    INIT_URL.format(q=query, lang=lang) if pos is None
NameError: name 'INIT_URL' is not defined
Got 0 tweets for Bitcoin%20since%3A2009-04-23%20until%3A2009-12-05.
An unknown error occurred! Returning tweets gathered so far.
Traceback (most recent call last):
  File "/home/warproxxx/Desktop/Projects/CryptoTrader/src/data_utils/twitter_data/twitterscraper/query.py", line 149, in query_tweets_once
    INIT_URL.format(q=query, lang=lang) if pos is None
NameError: name 'INIT_URL' is not defined
Querying Bitcoin since:2010-07-19 until:2011-03-02
Querying Bitcoin since:2011-03-02 until:2011-10-14
Got 0 tweets for Bitcoin%20since%3A2009-12-05%20until%3A2010-07-19.
An unknown error occurred! Returning tweets gathered so far.
Traceback (most recent call last):
  File "/home/warproxxx/Desktop/Projects/CryptoTrader/src/data_utils/twitter_data/twitterscraper/query.py", line 149, in query_tweets_once
    INIT_URL.format(q=query, lang=lang) if pos is None
NameError: name 'INIT_URL' is not defined
An unknown error occurred! Returning tweets gathered so far.
Traceback (most recent call last):
  File "/home/warproxxx/Desktop/Projects/CryptoTrader/src/data_utils/twitter_data/twitterscraper/query.py", line 149, in query_tweets_once
    INIT_URL.format(q=query, lang=lang) if pos is None
NameError: name 'INIT_URL' is not defined
Querying Bitcoin since:2011-10-14 until:2012-05-27
Got 0 tweets for Bitcoin%20since%3A2010-07-19%20until%3A2011-03-02.
Got 0 tweets for Bitcoin%20since%3A2011-03-02%20until%3A2011-10-14.
An unknown error occurred! Returning tweets gathered so far.
Traceback (most recent call last):
  File "/home/warproxxx/Desktop/Projects/CryptoTrader/src/data_utils/twitter_data/twitterscraper/query.py", line 149, in query_tweets_once
    INIT_URL.format(q=query, lang=lang) if pos is None
NameError: name 'INIT_URL' is not defined
Got 0 tweets for Bitcoin%20since%3A2011-10-14%20until%3A2012-05-27.
Got 0 tweets (0 new).
Querying Bitcoin since:2013-01-08 until:2013-08-22
Querying Bitcoin since:2013-08-22 until:2014-04-05
Querying Bitcoin since:2014-11-17 until:2015-07-01
Querying Bitcoin since:2015-07-01 until:2016-02-12
An unknown error occurred! Returning tweets gathered so far.
Traceback (most recent call last):
  File "/home/warproxxx/Desktop/Projects/CryptoTrader/src/data_utils/twitter_data/twitterscraper/query.py", line 149, in query_tweets_once
    INIT_URL.format(q=query, lang=lang) if pos is None
NameError: name 'INIT_URL' is not defined
An unknown error occurred! Returning tweets gathered so far.
Traceback (most recent call last):
  File "/home/warproxxx/Desktop/Projects/CryptoTrader/src/data_utils/twitter_data/twitterscraper/query.py", line 149, in query_tweets_once
    INIT_URL.format(q=query, lang=lang) if pos is None
NameError: name 'INIT_URL' is not defined
Got 0 tweets for Bitcoin%20since%3A2013-01-08%20until%3A2013-08-22.
Got 0 tweets for Bitcoin%20since%3A2013-08-22%20until%3A2014-04-05.
An unknown error occurred! Returning tweets gathered so far.
Traceback (most recent call last):
  File "/home/warproxxx/Desktop/Projects/CryptoTrader/src/data_utils/twitter_data/twitterscraper/query.py", line 149, in query_tweets_once
    INIT_URL.format(q=query, lang=lang) if pos is None
NameError: name 'INIT_URL' is not defined
Querying Bitcoin since:2016-02-12 until:2016-09-25
Got 0 tweets for Bitcoin%20since%3A2014-11-17%20until%3A2015-07-01.
An unknown error occurred! Returning tweets gathered so far.
Traceback (most recent call last):
  File "/home/warproxxx/Desktop/Projects/CryptoTrader/src/data_utils/twitter_data/twitterscraper/query.py", line 149, in query_tweets_once
    INIT_URL.format(q=query, lang=lang) if pos is None
NameError: name 'INIT_URL' is not defined
Got 0 tweets for Bitcoin%20since%3A2015-07-01%20until%3A2016-02-12.
Querying Bitcoin since:2016-09-25 until:2017-05-09
An unknown error occurred! Returning tweets gathered so far.
Traceback (most recent call last):
  File "/home/warproxxx/Desktop/Projects/CryptoTrader/src/data_utils/twitter_data/twitterscraper/query.py", line 149, in query_tweets_once
    INIT_URL.format(q=query, lang=lang) if pos is None
NameError: name 'INIT_URL' is not defined
Got 0 tweets for Bitcoin%20since%3A2016-02-12%20until%3A2016-09-25.
Querying Bitcoin since:2017-05-09 until:2017-12-21
An unknown error occurred! Returning tweets gathered so far.
Traceback (most recent call last):
  File "/home/warproxxx/Desktop/Projects/CryptoTrader/src/data_utils/twitter_data/twitterscraper/query.py", line 149, in query_tweets_once
    INIT_URL.format(q=query, lang=lang) if pos is None
NameError: name 'INIT_URL' is not defined
Querying Bitcoin since:2017-12-21 until:2018-08-04
Got 0 tweets for Bitcoin%20since%3A2016-09-25%20until%3A2017-05-09.
An unknown error occurred! Returning tweets gathered so far.
Traceback (most recent call last):
  File "/home/warproxxx/Desktop/Projects/CryptoTrader/src/data_utils/twitter_data/twitterscraper/query.py", line 149, in query_tweets_once
    INIT_URL.format(q=query, lang=lang) if pos is None
NameError: name 'INIT_URL' is not defined
Querying Bitcoin since:2012-05-27 until:2013-01-08
Got 0 tweets for Bitcoin%20since%3A2017-05-09%20until%3A2017-12-21.
An unknown error occurred! Returning tweets gathered so far.
Traceback (most recent call last):
  File "/home/warproxxx/Desktop/Projects/CryptoTrader/src/data_utils/twitter_data/twitterscraper/query.py", line 149, in query_tweets_once
    INIT_URL.format(q=query, lang=lang) if pos is None
NameError: name 'INIT_URL' is not defined
Got 0 tweets for Bitcoin%20since%3A2017-12-21%20until%3A2018-08-04.
An unknown error occurred! Returning tweets gathered so far.
Traceback (most recent call last):
  File "/home/warproxxx/Desktop/Projects/CryptoTrader/src/data_utils/twitter_data/twitterscraper/query.py", line 149, in query_tweets_once
    INIT_URL.format(q=query, lang=lang) if pos is None
NameError: name 'INIT_URL' is not defined
Got 0 tweets for Bitcoin%20since%3A2012-05-27%20until%3A2013-01-08.
Got 0 tweets (0 new).
Got 0 tweets (0 new).
Got 0 tweets (0 new).
Got 0 tweets (0 new).
Got 0 tweets (0 new).
Querying Bitcoin since:2014-04-05 until:2014-11-17
Got 0 tweets (0 new).
Got 0 tweets (0 new).
Got 0 tweets (0 new).
Got 0 tweets (0 new).
Got 0 tweets (0 new).
Got 0 tweets (0 new).
An unknown error occurred! Returning tweets gathered so far.
Traceback (most recent call last):
  File "/home/warproxxx/Desktop/Projects/CryptoTrader/src/data_utils/twitter_data/twitterscraper/query.py", line 149, in query_tweets_once
    INIT_URL.format(q=query, lang=lang) if pos is None
NameError: name 'INIT_URL' is not defined
Got 0 tweets (0 new).
Got 0 tweets for Bitcoin%20since%3A2014-04-05%20until%3A2014-11-17.
Got 0 tweets (0 new).
Got 0 tweets (0 new).
Got 0 tweets (0 new).
Got 0 tweets (0 new).
Got 0 tweets (0 new).
Got 0 tweets (0 new).
Got 0 tweets (0 new).
